0 info it worked if it ends with ok
1 verbose cli [ 'C:\\Program Files (x86)\\nodejs\\\\node.exe',
1 verbose cli   'C:\\Program Files (x86)\\nodejs\\node_modules\\npm\\bin\\npm-cli.js',
1 verbose cli   'install',
1 verbose cli   '.\\package.json' ]
2 info using npm@1.4.28
3 info using node@v0.10.32
4 verbose node symlink C:\Program Files (x86)\nodejs\\node.exe
5 warn package.json ChatBox@0.0.0 No repository field.
6 warn package.json ChatBox@0.0.0 No README data
7 warn package.json http@0.0.0 http is also the name of a node core module.
8 warn package.json http@0.0.0 No description
9 warn package.json http@0.0.0 No repository field.
10 verbose readDependencies using package.json deps
11 verbose cache add [ '.\\package.json', null ]
12 verbose cache add name=undefined spec=".\\package.json" args=[".\\package.json",null]
13 verbose parsed url { protocol: null,
13 verbose parsed url   slashes: null,
13 verbose parsed url   auth: null,
13 verbose parsed url   host: null,
13 verbose parsed url   port: null,
13 verbose parsed url   hostname: null,
13 verbose parsed url   hash: null,
13 verbose parsed url   search: null,
13 verbose parsed url   query: null,
13 verbose parsed url   pathname: './package.json',
13 verbose parsed url   path: './package.json',
13 verbose parsed url   href: './package.json' }
14 silly lockFile b95c211a-package-json .\package.json
15 verbose lock .\package.json C:\Users\George\AppData\Roaming\npm-cache\b95c211a-package-json.lock
16 verbose chmod C:\Users\George\AppData\Local\Temp\npm-3932-785eVakD\1411956264477-0.8813056868966669\tmp.tgz 666
17 verbose tar unpack C:\Users\George\AppData\Local\Temp\npm-3932-785eVakD\1411956264477-0.8813056868966669\tmp.tgz
18 silly lockFile e1ba1eab--8813056868966669-tmp-tgz-unpack tar://C:\Users\George\AppData\Local\Temp\npm-3932-785eVakD\1411956264477-0.8813056868966669\tmp.tgz-unpack
19 verbose lock tar://C:\Users\George\AppData\Local\Temp\npm-3932-785eVakD\1411956264477-0.8813056868966669\tmp.tgz-unpack C:\Users\George\AppData\Roaming\npm-cache\e1ba1eab--8813056868966669-tmp-tgz-unpack.lock
20 silly lockFile 01fccecb-64477-0-8813056868966669-tmp-tgz tar://C:\Users\George\AppData\Local\Temp\npm-3932-785eVakD\1411956264477-0.8813056868966669\tmp.tgz
21 verbose lock tar://C:\Users\George\AppData\Local\Temp\npm-3932-785eVakD\1411956264477-0.8813056868966669\tmp.tgz C:\Users\George\AppData\Roaming\npm-cache\01fccecb-64477-0-8813056868966669-tmp-tgz.lock
22 silly gunzTarPerm modes [ '777', '666' ]
23 error not a package C:\Users\George\AppData\Local\Temp\npm-3932-785eVakD\1411956264477-0.8813056868966669\tmp.tgz
24 silly lockFile e1ba1eab--8813056868966669-tmp-tgz-unpack tar://C:\Users\George\AppData\Local\Temp\npm-3932-785eVakD\1411956264477-0.8813056868966669\tmp.tgz-unpack
25 silly lockFile e1ba1eab--8813056868966669-tmp-tgz-unpack tar://C:\Users\George\AppData\Local\Temp\npm-3932-785eVakD\1411956264477-0.8813056868966669\tmp.tgz-unpack
26 silly lockFile 01fccecb-64477-0-8813056868966669-tmp-tgz tar://C:\Users\George\AppData\Local\Temp\npm-3932-785eVakD\1411956264477-0.8813056868966669\tmp.tgz
27 silly lockFile 01fccecb-64477-0-8813056868966669-tmp-tgz tar://C:\Users\George\AppData\Local\Temp\npm-3932-785eVakD\1411956264477-0.8813056868966669\tmp.tgz
28 silly lockFile b95c211a-package-json .\package.json
29 silly lockFile b95c211a-package-json .\package.json
30 error addLocal Could not install .\package.json
31 error Error: ENOENT, open 'C:\Users\George\AppData\Local\Temp\npm-3932-785eVakD\1411956264477-0.8813056868966669\tmp.tgz-unpack\package.json'
32 error If you need help, you may report this *entire* log,
32 error including the npm and node versions, at:
32 error     <http://github.com/npm/npm/issues>
33 error System Windows_NT 6.1.7601
34 error command "C:\\Program Files (x86)\\nodejs\\\\node.exe" "C:\\Program Files (x86)\\nodejs\\node_modules\\npm\\bin\\npm-cli.js" "install" ".\\package.json"
35 error cwd C:\Users\George\projects\chatbox
36 error node -v v0.10.32
37 error npm -v 1.4.28
38 error path C:\Users\George\AppData\Local\Temp\npm-3932-785eVakD\1411956264477-0.8813056868966669\tmp.tgz-unpack\package.json
39 error code ENOENT
40 error errno 34
41 verbose exit [ 34, true ]
